2024-10-03T16:03:17.136Z  INFO 34996 --- [corext] [restartedMain] com.machines.corext.CorextApplication    : Starting CorextApplication using Java 23 with PID 34996 (C:\workspace\spring\corext\target\classes started by Psuedo in C:\workspace\spring\corext)
2024-10-03T16:03:17.149Z  INFO 34996 --- [corext] [restartedMain] com.machines.corext.CorextApplication    : No active profile set, falling back to 1 default profile: "default"
2024-10-03T16:03:17.276Z  INFO 34996 --- [corext] [restartedMain] .e.DevToolsPropertyDefaultsPostProcessor : Devtools property defaults active! Set 'spring.devtools.add-properties' to 'false' to disable
2024-10-03T16:03:17.276Z  INFO 34996 --- [corext] [restartedMain] .e.DevToolsPropertyDefaultsPostProcessor : For additional web related logging consider setting the 'logging.level.web' property to 'DEBUG'
2024-10-03T16:03:18.681Z  INFO 34996 --- [corext] [restartedMain] .s.d.r.c.RepositoryConfigurationDelegate : Bootstrapping Spring Data JPA repositories in DEFAULT mode.
2024-10-03T16:03:18.787Z  INFO 34996 --- [corext] [restartedMain] .s.d.r.c.RepositoryConfigurationDelegate : Finished Spring Data repository scanning in 94 ms. Found 2 JPA repository interfaces.
2024-10-03T16:03:19.826Z  INFO 34996 --- [corext] [restartedMain] o.s.b.w.embedded.tomcat.TomcatWebServer  : Tomcat initialized with port 8089 (http)
2024-10-03T16:03:19.850Z  INFO 34996 --- [corext] [restartedMain] o.apache.catalina.core.StandardService   : Starting service [Tomcat]
2024-10-03T16:03:19.851Z  INFO 34996 --- [corext] [restartedMain] o.apache.catalina.core.StandardEngine    : Starting Servlet engine: [Apache Tomcat/10.1.30]
2024-10-03T16:03:19.928Z  INFO 34996 --- [corext] [restartedMain] o.a.c.c.C.[Tomcat].[localhost].[/]       : Initializing Spring embedded WebApplicationContext
2024-10-03T16:03:19.928Z  INFO 34996 --- [corext] [restartedMain] w.s.c.ServletWebServerApplicationContext : Root WebApplicationContext: initialization completed in 2650 ms
2024-10-03T16:03:20.263Z  INFO 34996 --- [corext] [restartedMain] o.hibernate.jpa.internal.util.LogHelper  : HHH000204: Processing PersistenceUnitInfo [name: default]
2024-10-03T16:03:20.423Z  INFO 34996 --- [corext] [restartedMain] org.hibernate.Version                    : HHH000412: Hibernate ORM core version 6.5.3.Final
2024-10-03T16:03:20.532Z  INFO 34996 --- [corext] [restartedMain] o.h.c.internal.RegionFactoryInitiator    : HHH000026: Second-level cache disabled
2024-10-03T16:03:21.191Z  INFO 34996 --- [corext] [restartedMain] o.s.o.j.p.SpringPersistenceUnitInfo      : No LoadTimeWeaver setup: ignoring JPA class transformer
2024-10-03T16:03:21.236Z  INFO 34996 --- [corext] [restartedMain] com.zaxxer.hikari.HikariDataSource       : HikariPool-1 - Starting...
2024-10-03T16:03:21.545Z  INFO 34996 --- [corext] [restartedMain] com.zaxxer.hikari.pool.HikariPool        : HikariPool-1 - Added connection org.postgresql.jdbc.PgConnection@1a24dcd9
2024-10-03T16:03:21.547Z  INFO 34996 --- [corext] [restartedMain] com.zaxxer.hikari.HikariDataSource       : HikariPool-1 - Start completed.
2024-10-03T16:03:23.133Z  INFO 34996 --- [corext] [restartedMain] o.h.e.t.j.p.i.JtaPlatformInitiator       : HHH000489: No JTA platform available (set 'hibernate.transaction.jta.platform' to enable JTA platform integration)
2024-10-03T16:03:23.261Z  INFO 34996 --- [corext] [restartedMain] j.LocalContainerEntityManagerFactoryBean : Initialized JPA EntityManagerFactory for persistence unit 'default'
2024-10-03T16:03:23.882Z  WARN 34996 --- [corext] [restartedMain] JpaBaseConfiguration$JpaWebConfiguration : spring.jpa.open-in-view is enabled by default. Therefore, database queries may be performed during view rendering. Explicitly configure spring.jpa.open-in-view to disable this warning
2024-10-03T16:03:24.422Z  INFO 34996 --- [corext] [restartedMain] o.s.b.d.a.OptionalLiveReloadServer       : LiveReload server is running on port 35729
2024-10-03T16:03:24.479Z  INFO 34996 --- [corext] [restartedMain] o.s.b.w.embedded.tomcat.TomcatWebServer  : Tomcat started on port 8089 (http) with context path '/'
2024-10-03T16:03:24.492Z  INFO 34996 --- [corext] [restartedMain] com.machines.corext.CorextApplication    : Started CorextApplication in 8.101 seconds (process running for 9.299)
2024-10-03T16:03:53.467Z  INFO 34996 --- [corext] [http-nio-8089-exec-1] o.a.c.c.C.[Tomcat].[localhost].[/]       : Initializing Spring DispatcherServlet 'dispatcherServlet'
2024-10-03T16:03:53.469Z  INFO 34996 --- [corext] [http-nio-8089-exec-1] o.s.web.servlet.DispatcherServlet        : Initializing Servlet 'dispatcherServlet'
2024-10-03T16:03:53.472Z  INFO 34996 --- [corext] [http-nio-8089-exec-1] o.s.web.servlet.DispatcherServlet        : Completed initialization in 3 ms
2024-10-03T16:03:54.084Z  WARN 34996 --- [corext] [http-nio-8089-exec-1] .w.s.m.a.ResponseStatusExceptionResolver : Resolved [org.springframework.web.server.ResponseStatusException: 401 UNAUTHORIZED "Incorrect PIN provided for account number: CXT10197428"]
2024-10-03T16:09:12.171Z  INFO 34996 --- [corext] [SpringApplicationShutdownHook] j.LocalContainerEntityManagerFactoryBean : Closing JPA EntityManagerFactory for persistence unit 'default'
2024-10-03T16:09:12.174Z  INFO 34996 --- [corext] [SpringApplicationShutdownHook] com.zaxxer.hikari.HikariDataSource       : HikariPool-1 - Shutdown initiated...
2024-10-03T16:09:12.178Z  INFO 34996 --- [corext] [SpringApplicationShutdownHook] com.zaxxer.hikari.HikariDataSource       : HikariPool-1 - Shutdown completed.
